[14:06:43] This is prokka 1.14.6
[14:06:43] Written by Torsten Seemann <torsten.seemann@gmail.com>
[14:06:43] Homepage is https://github.com/tseemann/prokka
[14:06:43] Local time is Thu Oct  5 14:06:43 2023
[14:06:43] You are sn
[14:06:43] Operating system is linux
[14:06:43] You have BioPerl 1.7.7
[14:06:43] System has 64 cores.
[14:06:43] Will use maximum of 50 cores.
[14:06:43] Annotating as >>> Viruses <<<
[14:06:43] Enabling options to ensure Genbank/ENA/DDJB submission compliance.
[14:06:43] Creating new output folder: HNV_07_S2022_NAGY_M
[14:06:43] Running: mkdir -p HNV_07_S2022_NAGY_M
[14:06:43] Using filename prefix: PROKKA_10052023.XXX
[14:06:43] Setting HMMER_NCPU=1
[14:06:43] Writing log to: HNV_07_S2022_NAGY_M/PROKKA_10052023.log
[14:06:43] Command: /data/tools/prokka/bin/prokka --compliant --locustag MdSGHV --cpus 50 --kingdom Virus --proteins ncbi_dataset/data/GCF_000879935.1/protein.faa --outdir HNV_07_S2022_NAGY_M HNV_07_S2022_NAGY_M_final.contigs_c00_Musca_hytrosavirus_final.fa
[14:06:43] Appending to PATH: /data/tools/prokka/bin/../binaries/linux
[14:06:43] Appending to PATH: /data/tools/prokka/bin/../binaries/linux/../common
[14:06:43] Appending to PATH: /data/tools/prokka/bin
[14:06:43] Looking for 'aragorn' - found /data/tools/prokka/binaries/linux/aragorn
[14:06:43] Determined aragorn version is 001002 from 'ARAGORN v1.2.38 Dean Laslett'
[14:06:43] Looking for 'blastp' - found /data/tools/prokka/binaries/linux/blastp
[14:06:43] Determined blastp version is 002009 from 'blastp: 2.9.0+'
[14:06:43] Looking for 'cmpress' - found /data/tools/prokka/binaries/linux/cmpress
[14:06:43] Determined cmpress version is 001001 from '# INFERNAL 1.1.2 (July 2016)'
[14:06:43] Looking for 'cmscan' - found /data/tools/prokka/binaries/linux/cmscan
[14:06:43] Determined cmscan version is 001001 from '# INFERNAL 1.1.2 (July 2016)'
[14:06:43] Looking for 'egrep' - found /usr/bin/egrep
[14:06:43] Looking for 'find' - found /usr/bin/find
[14:06:43] Looking for 'grep' - found /usr/bin/grep
[14:06:43] Looking for 'hmmpress' - found /data/tools/prokka/binaries/linux/hmmpress
[14:06:43] Determined hmmpress version is 003001 from '# HMMER 3.1b2 (February 2015); http://hmmer.org/'
[14:06:43] Looking for 'hmmscan' - found /data/tools/prokka/binaries/linux/hmmscan
[14:06:43] Determined hmmscan version is 003001 from '# HMMER 3.1b2 (February 2015); http://hmmer.org/'
[14:06:43] Looking for 'java' - found /usr/bin/java
[14:06:43] Looking for 'makeblastdb' - found /data/tools/prokka/binaries/linux/makeblastdb
[14:06:43] Determined makeblastdb version is 002009 from 'makeblastdb: 2.9.0+'
[14:06:43] Looking for 'minced' - found /data/tools/prokka/bin/../binaries/linux/../common/minced
[14:06:44] Determined minced version is 002000 from 'minced 0.2.0'
[14:06:44] Looking for 'parallel' - found /usr/bin/parallel
[14:06:44] Determined parallel version is 20161222 from 'GNU parallel 20161222'
[14:06:44] Looking for 'prodigal' - found /data/tools/prokka/binaries/linux/prodigal
[14:06:44] Determined prodigal version is 002006 from 'Prodigal V2.6.3: February, 2016'
[14:06:44] Looking for 'prokka-genbank_to_fasta_db' - found /data/tools/prokka/bin/prokka-genbank_to_fasta_db
[14:06:44] Looking for 'sed' - found /usr/bin/sed
[14:06:44] Looking for 'tbl2asn' - found /data/tools/prokka/binaries/linux/tbl2asn
[14:06:44] Determined tbl2asn version is 025008 from 'tbl2asn 25.8   arguments:'
[14:06:44] Using genetic code table 1.
[14:06:44] Loading and checking input file: HNV_07_S2022_NAGY_M_final.contigs_c00_Musca_hytrosavirus_final.fa
[14:06:44] Wrote 1 contigs totalling 124552 bp.
[14:06:44] Predicting tRNAs and tmRNAs
[14:06:44] Running: aragorn -l -gc1  -w HNV_07_S2022_NAGY_M\/PROKKA_10052023\.fna
[14:06:44] Found 0 tRNAs
[14:06:44] Disabling rRNA search: --kingdom=Viruses or --norrna=0
[14:06:44] Skipping ncRNA search, enable with --rfam if desired.
[14:06:44] Total of 0 tRNA + rRNA features
[14:06:44] Searching for CRISPR repeats
[14:06:44] Found 0 CRISPRs
[14:06:44] Predicting coding sequences
[14:06:44] Contigs total 124552 bp, so using single mode
[14:06:44] Running: prodigal -i HNV_07_S2022_NAGY_M\/PROKKA_10052023\.fna -c -m -g 1 -p single -f sco -q
[14:06:45] Found 100 CDS
[14:06:45] Connecting features back to sequences
[14:06:45] Not using genus-specific database. Try --usegenus to enable it.
[14:06:45] Preparing user-supplied primary BLAST annotation source: ncbi_dataset/data/GCF_000879935.1/protein.faa
[14:06:45] Guessed source was in fasta format.
[14:06:45] Running: makeblastdb -dbtype prot -in ncbi_dataset\/data\/GCF_000879935\.1\/protein\.faa -out HNV_07_S2022_NAGY_M\/proteins -logfile /dev/null
[14:06:45] Using /inference source as 'protein.faa'
[14:06:45] Annotating CDS, please be patient.
[14:06:45] Will use 50 CPUs for similarity searching.
[14:06:45] There are still 100 unannotated CDS left (started with 100)
[14:06:45] Will use blast to search against HNV_07_S2022_NAGY_M/proteins with 50 CPUs
[14:06:45] Running: cat HNV_07_S2022_NAGY_M\/PROKKA_10052023\.proteins\.tmp\.1978098\.faa | parallel --gnu --plain -j 50 --block 368 --recstart '>' --pipe blastp -query - -db HNV_07_S2022_NAGY_M/proteins -evalue 1e-09 -qcov_hsp_perc 80 -num_threads 1 -num_descriptions 1 -num_alignments 1 -seg no > HNV_07_S2022_NAGY_M\/PROKKA_10052023\.proteins\.tmp\.1978098\.blast 2> /dev/null
[14:06:45] Deleting unwanted file: HNV_07_S2022_NAGY_M/PROKKA_10052023.proteins.tmp.1978098.faa
[14:06:45] Deleting unwanted file: HNV_07_S2022_NAGY_M/PROKKA_10052023.proteins.tmp.1978098.blast
[14:06:45] There are still 4 unannotated CDS left (started with 100)
[14:06:45] Will use blast to search against /data/tools/prokka/db/kingdom/Viruses/sprot with 50 CPUs
[14:06:45] Running: cat HNV_07_S2022_NAGY_M\/PROKKA_10052023\.sprot\.tmp\.1978098\.faa | parallel --gnu --plain -j 50 --block 3 --recstart '>' --pipe blastp -query - -db /data/tools/prokka/db/kingdom/Viruses/sprot -evalue 1e-09 -qcov_hsp_perc 80 -num_threads 1 -num_descriptions 1 -num_alignments 1 -seg no > HNV_07_S2022_NAGY_M\/PROKKA_10052023\.sprot\.tmp\.1978098\.blast 2> /dev/null
[14:06:46] Deleting unwanted file: HNV_07_S2022_NAGY_M/PROKKA_10052023.sprot.tmp.1978098.faa
[14:06:46] Deleting unwanted file: HNV_07_S2022_NAGY_M/PROKKA_10052023.sprot.tmp.1978098.blast
[14:06:46] Deleting unwanted file: HNV_07_S2022_NAGY_M/proteins.psq
[14:06:46] Deleting unwanted file: HNV_07_S2022_NAGY_M/proteins.phr
[14:06:46] Deleting unwanted file: HNV_07_S2022_NAGY_M/proteins.pin
[14:06:46] Labelling remaining 4 proteins as 'hypothetical protein'
[14:06:46] Found 0 unique /gene codes.
[14:06:46] Fixed 0 colliding /gene names.
[14:06:46] Adding /locus_tag identifiers
[14:06:46] Assigned 100 locus_tags to CDS and RNA features.
[14:06:46] Writing outputs to HNV_07_S2022_NAGY_M/
[14:06:46] Generating annotation statistics file
[14:06:46] Generating Genbank and Sequin files
[14:06:46] Running: tbl2asn -V b -a r10k -l paired-ends -M n -N 1 -y 'Annotated using prokka 1.14.6 from https://github.com/tseemann/prokka' -Z HNV_07_S2022_NAGY_M\/PROKKA_10052023\.err -i HNV_07_S2022_NAGY_M\/PROKKA_10052023\.fsa 2> /dev/null
[14:06:46] Deleting unwanted file: HNV_07_S2022_NAGY_M/errorsummary.val
[14:06:46] Deleting unwanted file: HNV_07_S2022_NAGY_M/PROKKA_10052023.dr
[14:06:46] Deleting unwanted file: HNV_07_S2022_NAGY_M/PROKKA_10052023.fixedproducts
[14:06:46] Deleting unwanted file: HNV_07_S2022_NAGY_M/PROKKA_10052023.ecn
[14:06:46] Deleting unwanted file: HNV_07_S2022_NAGY_M/PROKKA_10052023.val
[14:06:46] Repairing broken .GBK output that tbl2asn produces...
[14:06:46] Running: sed 's/COORDINATES: profile/COORDINATES:profile/' < HNV_07_S2022_NAGY_M\/PROKKA_10052023\.gbf > HNV_07_S2022_NAGY_M\/PROKKA_10052023\.gbk
[14:06:46] Deleting unwanted file: HNV_07_S2022_NAGY_M/PROKKA_10052023.gbf
[14:06:46] Output files:
[14:06:46] HNV_07_S2022_NAGY_M/PROKKA_10052023.gff
[14:06:46] HNV_07_S2022_NAGY_M/PROKKA_10052023.tbl
[14:06:46] HNV_07_S2022_NAGY_M/PROKKA_10052023.fsa
[14:06:46] HNV_07_S2022_NAGY_M/PROKKA_10052023.log
[14:06:46] HNV_07_S2022_NAGY_M/PROKKA_10052023.fna
[14:06:46] HNV_07_S2022_NAGY_M/PROKKA_10052023.faa
[14:06:46] HNV_07_S2022_NAGY_M/PROKKA_10052023.ffn
[14:06:46] HNV_07_S2022_NAGY_M/PROKKA_10052023.gbk
[14:06:46] HNV_07_S2022_NAGY_M/PROKKA_10052023.txt
[14:06:46] HNV_07_S2022_NAGY_M/PROKKA_10052023.tsv
[14:06:46] HNV_07_S2022_NAGY_M/PROKKA_10052023.err
[14:06:46] HNV_07_S2022_NAGY_M/PROKKA_10052023.sqn
[14:06:46] Annotation finished successfully.
[14:06:46] Walltime used: 0.05 minutes
[14:06:46] If you use this result please cite the Prokka paper:
[14:06:46] Seemann T (2014) Prokka: rapid prokaryotic genome annotation. Bioinformatics. 30(14):2068-9.
[14:06:46] Type 'prokka --citation' for more details.
[14:06:46] Share and enjoy!
